Building DAG of jobs...
Using shell: /usr/bin/bash
Provided cores: 8
Rules claiming more threads will be scaled down.
Job counts:
	count	jobs
	2	gzip
	2	trim_fastq
	4

[Fri Sep  2 22:26:26 2022]
rule trim_fastq:
    input: SRR935091.fastq
    output: SRR935091.trimmed.fastq
    jobid: 2
    wildcards: prefix=SRR935091


[Fri Sep  2 22:26:26 2022]
rule trim_fastq:
    input: SRR935090.fastq
    output: SRR935090.trimmed.fastq
    jobid: 3
    wildcards: prefix=SRR935090

[Fri Sep  2 22:26:26 2022]
Finished job 2.
1 of 4 steps (25%) done
[Fri Sep  2 22:26:26 2022]
Finished job 3.
2 of 4 steps (50%) done

[Fri Sep  2 22:26:26 2022]
rule gzip:
    input: SRR935091.trimmed.fastq
    output: SRR935091.trimmed.fastq.gz
    jobid: 0
    wildcards: prefix=SRR935091


[Fri Sep  2 22:26:26 2022]
rule gzip:
    input: SRR935090.trimmed.fastq
    output: SRR935090.trimmed.fastq.gz
    jobid: 1
    wildcards: prefix=SRR935090

Removing temporary output file SRR935091.trimmed.fastq.
[Fri Sep  2 22:26:26 2022]
Finished job 0.
3 of 4 steps (75%) done
Removing temporary output file SRR935090.trimmed.fastq.
[Fri Sep  2 22:26:26 2022]
Finished job 1.
4 of 4 steps (100%) done
Complete log: /mnt/c/Users/235488/OneDrive - Region Skåne/Saile/Biohackathon_Nepal/snakemake_simple/trim_fastq/.snakemake/log/2022-09-02T222625.579422.snakemake.log
